<?xml version="1.0" encoding="UTF-8"?>
<!-- Generated by org.testng.reporters.JUnitReportReporter -->
<testsuite skipped="0" hostname="DESKTOP-7AKQI9H" name="MagentoTest" tests="1" failures="0" timestamp="21 Jan 2019 13:33:02 GMT" time="76.758" errors="0">
  <testcase name="magento" time="76.758" classname="MagentoTest"/>
</testsuite> <!-- MagentoTest -->
